<?xml version="1.0" encoding="UTF-8" ?>
<testsuite tests="1" failures="0" name="com.demo.HibernateDemo.UserTest" time="0.765" errors="1" skipped="0">
  <properties>
    <property name="jansi.mode" value="force"/>
    <property name="java.runtime.name" value="Java(TM) SE Runtime Environment"/>
    <property name="java.vm.version" value="18.0.1.1+2-6"/>
    <property name="sun.boot.library.path" value="C:\Java\bin"/>
    <property name="maven.multiModuleProjectDirectory" value="C:\Users\gamec\eclipse-workspace\HibernateDemo"/>
    <property name="java.vm.vendor" value="Oracle Corporation"/>
    <property name="java.vendor.url" value="https://java.oracle.com/"/>
    <property name="guice.disable.misplaced.annotation.check" value="true"/>
    <property name="path.separator" value=";"/>
    <property name="java.vm.name" value="Java HotSpot(TM) 64-Bit Server VM"/>
    <property name="sun.os.patch.level" value=""/>
    <property name="user.script" value=""/>
    <property name="user.country" value="US"/>
    <property name="sun.java.launcher" value="SUN_STANDARD"/>
    <property name="java.vm.specification.name" value="Java Virtual Machine Specification"/>
    <property name="user.dir" value="C:\Users\gamec\eclipse-workspace\HibernateDemo"/>
    <property name="java.vm.compressedOopsMode" value="Zero based"/>
    <property name="java.runtime.version" value="18.0.1.1+2-6"/>
    <property name="os.arch" value="amd64"/>
    <property name="java.io.tmpdir" value="C:\Users\gamec\AppData\Local\Temp\"/>
    <property name="line.separator" value="
"/>
    <property name="java.vm.specification.vendor" value="Oracle Corporation"/>
    <property name="user.variant" value=""/>
    <property name="os.name" value="Windows 10"/>
    <property name="classworlds.conf" value="C:\Users\gamec\eclipse-workspace\.metadata\.plugins\org.eclipse.m2e.launching\launches\m2conf13968892042024797182.tmp"/>
    <property name="sun.jnu.encoding" value="MS932"/>
    <property name="java.library.path" value="C:\Java\bin;C:\WINDOWS\Sun\Java\bin;C:\WINDOWS\system32;C:\WINDOWS;C:\Program Files\Common Files\Oracle\Java\javapath;C:\Program Files\Oculus\Support\oculus-runtime;C:\Program Files (x86)\Razer\ChromaBroadcast\bin;C:\Program Files\Razer\ChromaBroadcast\bin;C:\Program Files (x86)\Common Files\Oracle\Java\javapath;C:\Program Files (x86)\Razer Chroma SDK\bin;C:\Program Files\Razer Chroma SDK\bin;C:\ProgramData\Oracle\Java\javapath;C:\WINDOWS\system32;C:\WINDOWS;C:\WINDOWS\System32\Wbem;C:\WINDOWS\System32\WindowsPowerShell\v1.0\;C:\WINDOWS\system32\config\systemprofile\AppData\Local\Microsoft\WindowsApps;C:\WINDOWS\System32\OpenSSH\;C:\Users\gamec\AppData\Local\Microsoft\WindowsApps;C:\Program Files\NVIDIA Corporation\NVIDIA NvDLISR;C:\Program Files\Common Files\Autodesk Shared\;C:\Program Files\Microsoft SQL Server\120\Tools\Binn\;C:\Program Files\dotnet\;C:\Program Files\Microsoft SQL Server\130\Tools\Binn\;C:\Program Files\Microsoft SQL Server\Client SDK\ODBC\170\Tools\Binn\;C:\Program Files\Azure Data Studio\bin;C:\WINDOWS\system32;C:\WINDOWS;C:\WINDOWS\System32\Wbem;C:\WINDOWS\System32\WindowsPowerShell\v1.0\;C:\WINDOWS\System32\OpenSSH\;C:\Program Files (x86)\gnupg\bin;C:\Program Files (x86)\dotnet\;C:\Program Files (x86)\NVIDIA Corporation\PhysX\Common;C:\Program Files (x86)\apache-maven-3.8.6\bin;C:\Program Files\Java\jdk-17.0.2\bin;C:\Users\gamec\AppData\Local\Microsoft\WindowsApps;C:\Users\gamec\AppData\Local\GitHubDesktop\bin;C:\Program Files\Azure Data Studio\bin;C:\Users\gamec\AppData\Local\Microsoft\WindowsApps;C:\Program Files\MongoDB\Server\6.0\bin;;."/>
    <property name="jdk.debug" value="release"/>
    <property name="java.class.version" value="62.0"/>
    <property name="java.specification.name" value="Java Platform API Specification"/>
    <property name="sun.management.compiler" value="HotSpot 64-Bit Tiered Compilers"/>
    <property name="os.version" value="10.0"/>
    <property name="user.home" value="C:\Users\gamec"/>
    <property name="user.timezone" value="America/Chicago"/>
    <property name="file.encoding" value="UTF-8"/>
    <property name="java.specification.version" value="18"/>
    <property name="user.name" value="gamec"/>
    <property name="java.class.path" value="C:\Users\gamec\.p2\pool\plugins\org.eclipse.m2e.maven.runtime_3.8.601.20220820-1147\jars\plexus-classworlds-2.6.0.jar"/>
    <property name="java.vm.specification.version" value="18"/>
    <property name="sun.arch.data.model" value="64"/>
    <property name="sun.java.command" value="org.codehaus.plexus.classworlds.launcher.Launcher -B -Dstyle.color=always install"/>
    <property name="java.home" value="C:\Java"/>
    <property name="user.language" value="en"/>
    <property name="java.specification.vendor" value="Oracle Corporation"/>
    <property name="java.vm.info" value="mixed mode, sharing"/>
    <property name="java.version" value="18.0.1.1"/>
    <property name="native.encoding" value="MS932"/>
    <property name="java.vendor" value="Oracle Corporation"/>
    <property name="maven.home" value="C:\Users\gamec\eclipse-workspace\HibernateDemo\EMBEDDED"/>
    <property name="style.color" value="always"/>
    <property name="file.separator" value="\"/>
    <property name="java.version.date" value="2022-04-22"/>
    <property name="java.vendor.url.bug" value="https://bugreport.java.com/bugreport/"/>
    <property name="sun.io.unicode.encoding" value="UnicodeLittle"/>
    <property name="sun.cpu.endian" value="little"/>
    <property name="sun.cpu.isalist" value="amd64"/>
  </properties>
  <testcase classname="com.demo.HibernateDemo.UserTest" name="com.demo.HibernateDemo.UserTest" time="0.765">
    <error message="javax/activation/DataSource" type="java.lang.NoClassDefFoundError">java.lang.NoClassDefFoundError: javax/activation/DataSource
	at com.sun.xml.bind.v2.model.impl.RuntimeBuiltinLeafInfoImpl.&lt;clinit&gt;(RuntimeBuiltinLeafInfoImpl.java:464)
	at com.sun.xml.bind.v2.model.impl.RuntimeTypeInfoSetImpl.&lt;init&gt;(RuntimeTypeInfoSetImpl.java:64)
	at com.sun.xml.bind.v2.model.impl.RuntimeModelBuilder.createTypeInfoSet(RuntimeModelBuilder.java:133)
	at com.sun.xml.bind.v2.model.impl.RuntimeModelBuilder.createTypeInfoSet(RuntimeModelBuilder.java:85)
	at com.sun.xml.bind.v2.model.impl.ModelBuilder.&lt;init&gt;(ModelBuilder.java:162)
	at com.sun.xml.bind.v2.model.impl.RuntimeModelBuilder.&lt;init&gt;(RuntimeModelBuilder.java:93)
	at com.sun.xml.bind.v2.runtime.JAXBContextImpl.getTypeInfoSet(JAXBContextImpl.java:455)
	at com.sun.xml.bind.v2.runtime.JAXBContextImpl.&lt;init&gt;(JAXBContextImpl.java:303)
	at com.sun.xml.bind.v2.runtime.JAXBContextImpl.&lt;init&gt;(JAXBContextImpl.java:142)
	at com.sun.xml.bind.v2.runtime.JAXBContextImpl$JAXBContextBuilder.build(JAXBContextImpl.java:1174)
	at com.sun.xml.bind.v2.ContextFactory.createContext(ContextFactory.java:162)
	at java.base/jdk.internal.reflect.DirectMethodHandleAccessor.invoke(DirectMethodHandleAccessor.java:104)
	at java.base/java.lang.reflect.Method.invoke(Method.java:577)
	at javax.xml.bind.ContextFinder.newInstance(ContextFinder.java:262)
	at javax.xml.bind.ContextFinder.newInstance(ContextFinder.java:249)
	at javax.xml.bind.ContextFinder.find(ContextFinder.java:456)
	at javax.xml.bind.JAXBContext.newInstance(JAXBContext.java:656)
	at javax.xml.bind.JAXBContext.newInstance(JAXBContext.java:599)
	at org.atteo.config.Configuration.&lt;init&gt;(Configuration.java:226)
	at org.atteo.config.Configuration.&lt;init&gt;(Configuration.java:195)
	at org.atteo.moonshine.ConfigurationReader.&lt;init&gt;(ConfigurationReader.java:62)
	at org.atteo.moonshine.MoonshineImplementation.build(MoonshineImplementation.java:198)
	at org.atteo.moonshine.tests.MoonshineRule.buildMoonshine(MoonshineRule.java:200)
	at org.atteo.moonshine.tests.MoonshineRule.access$000(MoonshineRule.java:62)
	at org.atteo.moonshine.tests.MoonshineRule$1.evaluate(MoonshineRule.java:128)
	at org.junit.rules.RunRules.evaluate(RunRules.java:20)
	at org.junit.runners.ParentRunner.run(ParentRunner.java:309)
	at org.atteo.moonshine.tests.MoonshineMultiRunner.runChild(MoonshineMultiRunner.java:107)
	at org.atteo.moonshine.tests.MoonshineMultiRunner.runChild(MoonshineMultiRunner.java:37)
	at org.junit.runners.ParentRunner$3.run(ParentRunner.java:238)
	at org.junit.runners.ParentRunner$1.schedule(ParentRunner.java:63)
	at org.junit.runners.ParentRunner.runChildren(ParentRunner.java:236)
	at org.junit.runners.ParentRunner.access$000(ParentRunner.java:53)
	at org.junit.runners.ParentRunner$2.evaluate(ParentRunner.java:229)
	at org.junit.runners.ParentRunner.run(ParentRunner.java:309)
	at org.apache.maven.surefire.junit4.JUnit4Provider.execute(JUnit4Provider.java:252)
	at org.apache.maven.surefire.junit4.JUnit4Provider.executeTestSet(JUnit4Provider.java:141)
	at org.apache.maven.surefire.junit4.JUnit4Provider.invoke(JUnit4Provider.java:112)
	at java.base/jdk.internal.reflect.DirectMethodHandleAccessor.invoke(DirectMethodHandleAccessor.java:104)
	at java.base/java.lang.reflect.Method.invoke(Method.java:577)
	at org.apache.maven.surefire.util.ReflectionUtils.invokeMethodWithArray(ReflectionUtils.java:189)
	at org.apache.maven.surefire.booter.ProviderFactory$ProviderProxy.invoke(ProviderFactory.java:165)
	at org.apache.maven.surefire.booter.ProviderFactory.invokeProvider(ProviderFactory.java:85)
	at org.apache.maven.surefire.booter.ForkedBooter.runSuitesInProcess(ForkedBooter.java:115)
	at org.apache.maven.surefire.booter.ForkedBooter.main(ForkedBooter.java:75)
Caused by: java.lang.ClassNotFoundException: javax.activation.DataSource
	at java.base/jdk.internal.loader.BuiltinClassLoader.loadClass(BuiltinClassLoader.java:641)
	at java.base/jdk.internal.loader.ClassLoaders$AppClassLoader.loadClass(ClassLoaders.java:188)
	at java.base/java.lang.ClassLoader.loadClass(ClassLoader.java:521)
	... 45 more
</error>
    <system-out>10:23:19.329 [main] INFO  Moonshine - Bootstrapping UserTest
</system-out>
  </testcase>
</testsuite>